<?xml version="1.0" encoding="UTF-8"?>
<!-- Generated by org.testng.reporters.JUnitReportReporter -->
<testsuite hostname="DT-CHINMAYM" name="testinggit.NewTest" tests="1" failures="0" timestamp="3 May 2020 21:39:40 GMT" time="1.903" errors="0">
  <testcase name="openMyBlog" time="1.903" classname="testinggit.NewTest"/>
</testsuite> <!-- testinggit.NewTest -->
